time="2020-11-24 16:43:10" level=info msg="| 200 |    1.979395ms |             ::1 | GET | /chatIndex?kefu_id%20=%20kefu2&refer%20=%20%E8%BF%9C%E9%98%B3%E5%8D%9A%E5%AD%A6 |"
time="2020-11-24 16:43:19" level=info msg="| 200 |    2.264233ms |             ::1 | GET | /chatIndex?kefu_id%20=%20kefu2&refer%20=%20%E8%BF%9C%E9%98%B3%E5%8D%9A%E5%AD%A6 |"
time="2020-11-24 16:43:31" level=info msg="| 302 |      33.448µs |             ::1 | GET | / |"
time="2020-11-24 16:43:31" level=info msg="| 200 |    3.264492ms |             ::1 | GET | /index_en |"
time="2020-11-24 16:43:31" level=info msg="| 404 |         100ns |             ::1 | GET | /favicon.ico |"
time="2020-11-24 16:43:36" level=info msg="| 200 |     1.69873ms |             ::1 | GET | /login |"
time="2020-11-24 16:43:38" level=info msg="| 200 |    1.860325ms |             ::1 | GET | /login |"
time="2020-11-24 16:43:39" level=info msg="| 200 |    1.575689ms |             ::1 | GET | /login |"
time="2020-11-24 16:43:43" level=info msg="| 200 |    1.756471ms |             ::1 | GET | /login |"
time="2020-11-24 16:43:44" level=info msg="| 200 |    1.459128ms |             ::1 | GET | /login |"
time="2020-11-24 16:43:44" level=info msg="| 200 |    1.601835ms |             ::1 | GET | /login |"
time="2020-11-24 16:43:44" level=info msg="| 200 |    1.488851ms |             ::1 | GET | /login |"
time="2020-11-24 16:43:44" level=info msg="| 200 |    1.618238ms |             ::1 | GET | /login |"
time="2020-11-24 16:44:25" level=info msg="| 200 |    1.322587ms |             ::1 | GET | /login |"
time="2020-11-24 16:44:25" level=info msg="| 200 |    1.360208ms |             ::1 | GET | /login |"
time="2020-11-24 16:44:25" level=info msg="| 200 |    1.564659ms |             ::1 | GET | /login |"
time="2020-11-24 16:44:25" level=info msg="| 200 |    1.407413ms |             ::1 | GET | /login |"
time="2020-11-24 16:44:26" level=info msg="| 200 |    2.025073ms |             ::1 | GET | /login |"
time="2020-11-24 16:44:26" level=info msg="| 200 |    1.735877ms |             ::1 | GET | /login |"
time="2020-11-24 16:44:26" level=info msg="| 200 |    1.478372ms |             ::1 | GET | /login |"
time="2020-11-24 16:44:26" level=info msg="| 200 |    1.394984ms |             ::1 | GET | /login |"
time="2020-11-24 16:44:28" level=info msg="| 200 |    2.106585ms |             ::1 | GET | /login |"
time="2020-11-24 16:44:39" level=info msg="| 200 |    3.483811ms |             ::1 | GET | /login |"
time="2020-11-24 16:44:41" level=info msg="| 200 |    3.497326ms |             ::1 | POST | /check |"
time="2020-11-24 16:44:41" level=info msg="| 200 |    1.607301ms |             ::1 | GET | /main |"
time="2020-11-24 16:44:41" level=info msg="| 200 |    1.724898ms |             ::1 | POST | /check_auth |"
time="2020-11-24 16:44:41" level=info msg="| 200 |     2.12004ms |             ::1 | GET | /chat_main |"
time="2020-11-24 16:44:44" level=info msg="| 200 |    1.652702ms |             ::1 | GET | /main |"
time="2020-11-24 16:44:44" level=info msg="| 200 |     873.535µs |             ::1 | POST | /check_auth |"
time="2020-11-24 16:44:44" level=info msg="| 200 |    2.051589ms |             ::1 | GET | /chat_main |"
time="2020-11-24 16:44:46" level=info msg="| 200 |     1.63186ms |             ::1 | GET | /main |"
time="2020-11-24 16:44:46" level=info msg="| 200 |     696.449µs |             ::1 | POST | /check_auth |"
time="2020-11-24 16:44:46" level=info msg="| 200 |    2.097958ms |             ::1 | GET | /chat_main |"
time="2020-11-24 16:44:47" level=info msg="| 200 |    1.241068ms |             ::1 | GET | /visitors_kefu_online |"
time="2020-11-24 16:44:47" level=info msg="| 200 |    2.178617ms |             ::1 | GET | /kefuinfo |"
time="2020-11-24 16:44:48" level=info msg="| 200 |    1.876925ms |             ::1 | GET | /setting |"
time="2020-11-24 16:44:48" level=info msg="| 200 |  161.185829ms |             ::1 | GET | /ws_kefu?token=eyJhbGciOiJIUzI1NiIsInR5cCI6IkpXVCJ9.eyJjcmVhdGVfdGltZSI6MTYwNjIwNzQ4MSwia2VmdV9pZCI6MSwibmFtZSI6ImtlZnUyIiwicm9sZV9pZCI6MSwidHlwZSI6ImtlZnUifQ.Lauh7fMkeEfhhoc6Spl1uJwsvmcVqC8xTEYZyGG2bsg |"
time="2020-11-24 16:44:48" level=info msg="| 200 |    1.962193ms |             ::1 | GET | /setting_statistics |"
time="2020-11-24 16:44:48" level=info msg="| 200 |     985.585µs |             ::1 | GET | /statistics |"
time="2020-11-24 16:44:49" level=info msg="| 200 |    1.930555ms |             ::1 | GET | /chat_main |"
time="2020-11-24 16:44:49" level=info msg="| 200 |     540.592µs |             ::1 | GET | /visitors_kefu_online |"
time="2020-11-24 16:44:49" level=info msg="| 200 |    1.323253ms |             ::1 | GET | /kefuinfo |"
time="2020-11-24 16:44:50" level=info msg="| 200 |    1.255052ms |             ::1 | GET | /visitors?page=1 |"
time="2020-11-24 16:44:55" level=info msg="| 200 |    2.389331ms |             ::1 | GET | /chatIndex?kefu_id%20=%20kefu2&refer%20=%20%E8%BF%9C%E9%98%B3%E5%8D%9A%E5%AD%A6 |"
time="2020-11-24 16:44:55" level=info msg="| 200 |    6.003685ms |             ::1 | GET | /notice?kefu_id=kefu2 |"
time="2020-11-24 16:44:55" level=info msg="| 200 |    9.703775ms |             ::1 | POST | /visitor_login |"
time="2020-11-24 16:44:55" level=info msg="| 200 |    3.623734ms |             ::1 | GET | /messages?visitorId=ae06a85f-2064-4bc7-9329-1981b2da7dc7 |"
time="2020-11-24 16:44:55" level=info msg="| 404 |          95ns |             ::1 | GET | /favicon.ico |"
time="2020-11-24 16:44:58" level=info msg="| 200 |    2.961021ms |             ::1 | POST | /2/message |"
time="2020-11-24 16:44:58" level=info msg="| 404 |          99ns |             ::1 | GET | /favicon.ico |"
time="2020-11-24 16:45:06" level=info msg="| 200 |     790.491µs |             ::1 | GET | /visitor?visitorId=ae06a85f-2064-4bc7-9329-1981b2da7dc7 |"
time="2020-11-24 16:45:06" level=info msg="| 200 |    4.046384ms |             ::1 | GET | /messages?visitorId=ae06a85f-2064-4bc7-9329-1981b2da7dc7 |"
time="2020-11-24 16:45:08" level=info msg="| 200 |    2.851589ms |             ::1 | POST | /2/message |"
time="2020-11-24 16:45:08" level=info msg="| 404 |          98ns |             ::1 | GET | /favicon.ico |"
time="2020-11-24 16:45:26" level=info msg="| 200 |    2.764881ms |             ::1 | POST | /2/message |"
time="2020-11-24 16:45:26" level=info msg="| 404 |          94ns |             ::1 | GET | /favicon.ico |"
time="2020-11-24 16:48:42" level=info msg="| 200 | 3m47.346360284s |             ::1 | GET | /ws_visitor?visitor_id=ae06a85f-2064-4bc7-9329-1981b2da7dc7 |"
time="2020-11-24 16:48:43" level=info msg="| 200 |    4.757195ms |             ::1 | GET | /chatIndex?kefu_id%20=%20kefu2&refer%20=%20%E8%BF%9C%E9%98%B3%E5%8D%9A%E5%AD%A6 |"
time="2020-11-24 16:48:43" level=info msg="| 200 |   17.750841ms |             ::1 | GET | /notice?kefu_id=kefu2 |"
time="2020-11-24 16:48:43" level=info msg="| 200 |   22.515605ms |             ::1 | POST | /visitor_login |"
time="2020-11-24 16:48:43" level=info msg="| 200 |   29.220756ms |             ::1 | GET | /messages?visitorId=ae06a85f-2064-4bc7-9329-1981b2da7dc7 |"
time="2020-11-24 16:48:43" level=info msg="| 404 |          99ns |             ::1 | GET | /favicon.ico |"
time="2020-11-24 16:48:45" level=info msg="| 200 |  2.000467574s |             ::1 | GET | /ws_visitor?visitor_id=ae06a85f-2064-4bc7-9329-1981b2da7dc7 |"
time="2020-11-24 16:48:46" level=info msg="| 200 |    1.651367ms |             ::1 | GET | /chatIndex?kefu_id%20=%20kefu2&refer%20=%20%E8%BF%9C%E9%98%B3%E5%8D%9A%E5%AD%A6 |"
time="2020-11-24 16:48:46" level=info msg="| 200 |   26.377104ms |             ::1 | GET | /notice?kefu_id=kefu2 |"
time="2020-11-24 16:48:46" level=info msg="| 200 |   29.776651ms |             ::1 | POST | /visitor_login |"
time="2020-11-24 16:48:46" level=info msg="| 200 |   41.698115ms |             ::1 | GET | /messages?visitorId=ae06a85f-2064-4bc7-9329-1981b2da7dc7 |"
time="2020-11-24 16:48:46" level=info msg="| 404 |         115ns |             ::1 | GET | /favicon.ico |"
time="2020-11-24 16:48:48" level=info msg="| 200 |  2.134101509s |             ::1 | GET | /ws_visitor?visitor_id=ae06a85f-2064-4bc7-9329-1981b2da7dc7 |"
time="2020-11-24 16:48:51" level=info msg="| 200 |    1.718865ms |             ::1 | GET | /chatIndex?kefu_id%20=%20kefu2&refer%20=%20%E8%BF%9C%E9%98%B3%E5%8D%9A%E5%AD%A6 |"
time="2020-11-24 16:48:51" level=info msg="| 200 |     999.495µs |             ::1 | GET | /notice?kefu_id=kefu2 |"
time="2020-11-24 16:48:51" level=info msg="| 200 |   38.705254ms |             ::1 | POST | /visitor_login |"
time="2020-11-24 16:48:51" level=info msg="| 200 |    7.074561ms |             ::1 | GET | /messages?visitorId=ae06a85f-2064-4bc7-9329-1981b2da7dc7 |"
time="2020-11-24 16:48:52" level=info msg="| 404 |          89ns |             ::1 | GET | /favicon.ico |"
time="2020-11-24 16:48:57" level=info msg="| 200 |  5.424675597s |             ::1 | GET | /ws_visitor?visitor_id=ae06a85f-2064-4bc7-9329-1981b2da7dc7 |"
time="2020-11-24 16:49:06" level=info msg="| 200 |    1.283728ms |             ::1 | GET | /chatIndex?kefu_id%20=%20kefu2&refer%20=%20%E8%BF%9C%E9%98%B3%E5%8D%9A%E5%AD%A6 |"
time="2020-11-24 16:49:06" level=info msg="| 200 |    6.562923ms |             ::1 | GET | /notice?kefu_id=kefu2 |"
time="2020-11-24 16:49:06" level=info msg="| 200 |    9.048366ms |             ::1 | POST | /visitor_login |"
time="2020-11-24 16:49:06" level=info msg="| 200 |   42.561653ms |             ::1 | GET | /messages?visitorId=ae06a85f-2064-4bc7-9329-1981b2da7dc7 |"
time="2020-11-24 16:49:07" level=info msg="| 404 |         120ns |             ::1 | GET | /favicon.ico |"
time="2020-11-24 16:49:09" level=info msg="| 200 |  2.812487276s |             ::1 | GET | /ws_visitor?visitor_id=ae06a85f-2064-4bc7-9329-1981b2da7dc7 |"
time="2020-11-24 16:49:18" level=info msg="| 200 |    1.151654ms |             ::1 | GET | /visitors?page=1 |"
time="2020-11-24 16:49:20" level=info msg="| 200 |     695.349µs |             ::1 | GET | /visitor?visitorId=ae06a85f-2064-4bc7-9329-1981b2da7dc7 |"
time="2020-11-24 16:49:20" level=info msg="| 200 |   34.977398ms |             ::1 | GET | /messages?visitorId=ae06a85f-2064-4bc7-9329-1981b2da7dc7 |"
time="2020-11-24 16:49:21" level=info msg="| 200 |     805.726µs |             ::1 | GET | /visitor?visitorId=e162ac1b-4a5a-4b37-b8d0-9105d35c7c56 |"
time="2020-11-24 16:49:21" level=info msg="| 200 |   90.520154ms |             ::1 | GET | /messages?visitorId=e162ac1b-4a5a-4b37-b8d0-9105d35c7c56 |"
time="2020-11-24 16:49:22" level=info msg="| 200 |    1.363212ms |             ::1 | GET | /visitors?page=1 |"
time="2020-11-24 16:49:37" level=info msg="| 200 |    1.476841ms |             ::1 | GET | /setting |"
time="2020-11-24 16:49:37" level=info msg="| 200 | 4m47.95968365s |             ::1 | GET | /ws_kefu?token=eyJhbGciOiJIUzI1NiIsInR5cCI6IkpXVCJ9.eyJjcmVhdGVfdGltZSI6MTYwNjIwNzQ4MSwia2VmdV9pZCI6MSwibmFtZSI6ImtlZnUyIiwicm9sZV9pZCI6MSwidHlwZSI6ImtlZnUifQ.Lauh7fMkeEfhhoc6Spl1uJwsvmcVqC8xTEYZyGG2bsg |"
time="2020-11-24 16:49:38" level=info msg="| 200 |    1.734688ms |             ::1 | GET | /setting_statistics |"
time="2020-11-24 16:49:38" level=info msg="| 200 |     600.184µs |             ::1 | GET | /statistics |"
time="2020-11-24 16:49:39" level=info msg="| 200 |    2.036217ms |             ::1 | GET | /setting_welcome |"
time="2020-11-24 16:49:39" level=info msg="| 200 |     500.864µs |             ::1 | GET | /notices |"
time="2020-11-24 16:50:10" level=info msg="| 200 |    4.472091ms |             ::1 | GET | /chatIndex?kefu_id%20=%20kefu2&refer%20=%20%E8%BF%9C%E9%98%B3%E5%8D%9A%E5%AD%A6 |"
time="2020-11-24 16:50:11" level=info msg="| 200 |   36.838559ms |             ::1 | GET | /notice?kefu_id=kefu2 |"
time="2020-11-24 16:50:11" level=info msg="| 200 |   40.348496ms |             ::1 | POST | /visitor_login |"
time="2020-11-24 16:50:11" level=info msg="| 200 |    4.882492ms |             ::1 | GET | /messages?visitorId=ae06a85f-2064-4bc7-9329-1981b2da7dc7 |"
time="2020-11-24 16:50:32" level=info msg="| 200 | 21.277518298s |             ::1 | GET | /ws_visitor?visitor_id=ae06a85f-2064-4bc7-9329-1981b2da7dc7 |"
time="2020-11-24 17:16:51" level=info msg="| 200 |    7.219467ms |             ::1 | GET | /setting_statistics |"
time="2020-11-24 17:16:52" level=info msg="| 200 |     944.511µs |             ::1 | GET | /statistics |"
time="2020-11-24 17:16:54" level=info msg="| 200 |    2.963012ms |             ::1 | GET | /chat_main |"
time="2020-11-24 17:16:54" level=info msg="| 200 |     633.864µs |             ::1 | GET | /visitors_kefu_online |"
time="2020-11-24 17:16:54" level=info msg="| 200 |    1.828813ms |             ::1 | GET | /kefuinfo |"
time="2020-11-24 17:16:57" level=info msg="| 200 |    1.178824ms |             ::1 | GET | /visitors?page=1 |"
time="2020-11-24 17:16:59" level=info msg="| 200 |    1.220622ms |             ::1 | GET | /visitors?page=1 |"
time="2020-11-24 17:17:00" level=info msg="| 200 |     770.493µs |             ::1 | GET | /visitor?visitorId=ae06a85f-2064-4bc7-9329-1981b2da7dc7 |"
time="2020-11-24 17:17:00" level=info msg="| 200 |    7.152027ms |             ::1 | GET | /messages?visitorId=ae06a85f-2064-4bc7-9329-1981b2da7dc7 |"
time="2020-11-24 17:17:01" level=info msg="| 200 |     822.793µs |             ::1 | GET | /visitor?visitorId=e162ac1b-4a5a-4b37-b8d0-9105d35c7c56 |"
time="2020-11-24 17:17:01" level=info msg="| 200 |   18.273306ms |             ::1 | GET | /messages?visitorId=e162ac1b-4a5a-4b37-b8d0-9105d35c7c56 |"
time="2020-11-24 17:17:02" level=info msg="| 200 |     648.374µs |             ::1 | GET | /visitor?visitorId=ae06a85f-2064-4bc7-9329-1981b2da7dc7 |"
time="2020-11-24 17:17:02" level=info msg="| 200 |    4.088532ms |             ::1 | GET | /messages?visitorId=ae06a85f-2064-4bc7-9329-1981b2da7dc7 |"
time="2020-11-24 17:17:07" level=info msg="| 200 |     952.064µs |             ::1 | GET | /visitor?visitorId=e162ac1b-4a5a-4b37-b8d0-9105d35c7c56 |"
time="2020-11-24 17:17:07" level=info msg="| 200 |   16.298927ms |             ::1 | GET | /messages?visitorId=e162ac1b-4a5a-4b37-b8d0-9105d35c7c56 |"
time="2020-11-24 17:17:29" level=info msg="| 200 |     755.365µs |             ::1 | GET | /visitor?visitorId=e162ac1b-4a5a-4b37-b8d0-9105d35c7c56 |"
time="2020-11-24 17:17:29" level=info msg="| 200 |   15.488959ms |             ::1 | GET | /messages?visitorId=e162ac1b-4a5a-4b37-b8d0-9105d35c7c56 |"
time="2020-11-24 17:17:35" level=info msg="| 200 |    2.042763ms |             ::1 | GET | /chatIndex?kefu_id%20=%20kefu2&refer%20=%20%E8%BF%9C%E9%98%B3%E5%8D%9A%E5%AD%A6 |"
time="2020-11-24 17:17:35" level=info msg="| 200 |     877.016µs |             ::1 | GET | /notice?kefu_id=kefu2 |"
time="2020-11-24 17:17:35" level=info msg="| 200 |    8.098223ms |             ::1 | POST | /visitor_login |"
time="2020-11-24 17:17:35" level=info msg="| 200 |    5.057776ms |             ::1 | GET | /messages?visitorId=ae06a85f-2064-4bc7-9329-1981b2da7dc7 |"
time="2020-11-24 17:17:35" level=info msg="| 404 |         116ns |             ::1 | GET | /favicon.ico |"
time="2020-11-24 17:17:39" level=info msg="| 200 |  4.131333714s |             ::1 | GET | /ws_visitor?visitor_id=ae06a85f-2064-4bc7-9329-1981b2da7dc7 |"
time="2020-11-24 17:18:11" level=info msg="| 200 |    1.355585ms |             ::1 | GET | /chatIndex?kefu_id%20=%20kefu2&refer%20=%20%E8%BF%9C%E9%98%B3%E5%8D%9A%E5%AD%A6 |"
time="2020-11-24 17:18:11" level=info msg="| 200 |    3.470786ms |             ::1 | GET | /notice?kefu_id=kefu2 |"
time="2020-11-24 17:18:11" level=info msg="| 200 |    5.569895ms |             ::1 | POST | /visitor_login |"
time="2020-11-24 17:18:11" level=info msg="| 200 |    7.100004ms |             ::1 | GET | /messages?visitorId=ae06a85f-2064-4bc7-9329-1981b2da7dc7 |"
time="2020-11-24 17:18:11" level=info msg="| 404 |         120ns |             ::1 | GET | /favicon.ico |"
time="2020-11-24 17:18:14" level=info msg="| 200 |  3.053278145s |             ::1 | GET | /ws_visitor?visitor_id=ae06a85f-2064-4bc7-9329-1981b2da7dc7 |"
time="2020-11-24 17:18:15" level=info msg="| 200 |    1.969369ms |             ::1 | GET | /chatIndex?kefu_id%20=%20kefu2&refer%20=%20%E8%BF%9C%E9%98%B3%E5%8D%9A%E5%AD%A6 |"
time="2020-11-24 17:18:15" level=info msg="| 200 |    3.186742ms |             ::1 | GET | /notice?kefu_id=kefu2 |"
time="2020-11-24 17:18:15" level=info msg="| 200 |    7.145379ms |             ::1 | POST | /visitor_login |"
time="2020-11-24 17:18:15" level=info msg="| 200 |    6.432292ms |             ::1 | GET | /messages?visitorId=ae06a85f-2064-4bc7-9329-1981b2da7dc7 |"
time="2020-11-24 17:18:15" level=info msg="| 404 |          97ns |             ::1 | GET | /favicon.ico |"
time="2020-11-24 17:19:43" level=info msg="| 200 |    2.340381ms |             ::1 | POST | /2/message |"
time="2020-11-24 17:19:43" level=info msg="| 404 |         123ns |             ::1 | GET | /favicon.ico |"
time="2020-11-24 17:23:32" level=info msg="| 404 |         148ns |             ::1 | GET | /favicon.ico |"
time="2020-11-24 17:23:39" level=info msg="| 200 |  6.595418658s |             ::1 | GET | /ws_visitor?visitor_id=ae06a85f-2064-4bc7-9329-1981b2da7dc7 |"
time="2020-11-24 17:24:47" level=info msg="| 200 |    1.638202ms |             ::1 | GET | /chatIndex?kefu_id%20=%20kefu2&refer%20=%20%E8%BF%9C%E9%98%B3%E5%8D%9A%E5%AD%A6 |"
time="2020-11-24 17:24:47" level=info msg="| 200 |     868.476µs |             ::1 | GET | /notice?kefu_id=kefu2 |"
time="2020-11-24 17:24:48" level=info msg="| 200 |    6.746284ms |             ::1 | POST | /visitor_login |"
time="2020-11-24 17:24:48" level=info msg="| 200 |    7.884283ms |             ::1 | GET | /messages?visitorId=ae06a85f-2064-4bc7-9329-1981b2da7dc7 |"
time="2020-11-24 17:24:48" level=info msg="| 404 |         121ns |             ::1 | GET | /favicon.ico |"
time="2020-11-24 17:25:56" level=info msg="| 404 |         111ns |             ::1 | GET | /favicon.ico |"
time="2020-11-24 17:25:59" level=info msg="| 200 |  3.514665837s |             ::1 | GET | /ws_visitor?visitor_id=ae06a85f-2064-4bc7-9329-1981b2da7dc7 |"
time="2020-11-24 17:26:02" level=info msg="| 200 |    2.442286ms |             ::1 | GET | /chatIndex?kefu_id%20=%20kefu2&refer%20=%20%E8%BF%9C%E9%98%B3%E5%8D%9A%E5%AD%A6 |"
time="2020-11-24 17:26:02" level=info msg="| 200 |     986.731µs |             ::1 | GET | /notice?kefu_id=kefu2 |"
time="2020-11-24 17:26:02" level=info msg="| 200 |    5.874385ms |             ::1 | POST | /visitor_login |"
time="2020-11-24 17:26:02" level=info msg="| 200 |    6.471941ms |             ::1 | GET | /messages?visitorId=ae06a85f-2064-4bc7-9329-1981b2da7dc7 |"
time="2020-11-24 17:26:02" level=info msg="| 404 |         158ns |             ::1 | GET | /favicon.ico |"
time="2020-11-24 17:27:49" level=info msg="| 404 |          96ns |             ::1 | GET | /favicon.ico |"
time="2020-11-24 17:27:56" level=info msg="| 200 |  6.947365933s |             ::1 | GET | /ws_visitor?visitor_id=ae06a85f-2064-4bc7-9329-1981b2da7dc7 |"
time="2020-11-24 17:27:58" level=info msg="| 200 |    1.610888ms |             ::1 | GET | /chatIndex?kefu_id%20=%20kefu2&refer%20=%20%E8%BF%9C%E9%98%B3%E5%8D%9A%E5%AD%A6 |"
time="2020-11-24 17:27:59" level=info msg="| 200 |    1.024564ms |             ::1 | GET | /notice?kefu_id=kefu2 |"
time="2020-11-24 17:27:59" level=info msg="| 200 |    7.245856ms |             ::1 | POST | /visitor_login |"
time="2020-11-24 17:27:59" level=info msg="| 200 |    5.785922ms |             ::1 | GET | /messages?visitorId=ae06a85f-2064-4bc7-9329-1981b2da7dc7 |"
time="2020-11-24 17:27:59" level=info msg="| 404 |         120ns |             ::1 | GET | /favicon.ico |"
time="2020-11-24 17:28:51" level=info msg="| 200 | 52.577482661s |             ::1 | GET | /ws_visitor?visitor_id=ae06a85f-2064-4bc7-9329-1981b2da7dc7 |"
time="2020-11-24 17:28:55" level=info msg="| 200 |    1.586513ms |             ::1 | GET | /chatIndex?kefu_id%20=%20kefu2&refer%20=%20%E8%BF%9C%E9%98%B3%E5%8D%9A%E5%AD%A6 |"
time="2020-11-24 17:28:55" level=info msg="| 200 |     942.827µs |             ::1 | GET | /notice?kefu_id=kefu2 |"
time="2020-11-24 17:28:55" level=info msg="| 200 |    6.610787ms |             ::1 | POST | /visitor_login |"
time="2020-11-24 17:28:55" level=info msg="| 200 |    7.063359ms |             ::1 | GET | /messages?visitorId=ae06a85f-2064-4bc7-9329-1981b2da7dc7 |"
time="2020-11-24 17:28:55" level=info msg="| 404 |         117ns |             ::1 | GET | /favicon.ico |"
time="2020-11-24 17:29:42" level=info msg="| 200 | 47.318656844s |             ::1 | GET | /ws_visitor?visitor_id=ae06a85f-2064-4bc7-9329-1981b2da7dc7 |"
time="2020-11-24 17:29:45" level=info msg="| 200 |    1.643551ms |             ::1 | GET | /chatIndex?kefu_id%20=%20kefu2&refer%20=%20%E8%BF%9C%E9%98%B3%E5%8D%9A%E5%AD%A6 |"
time="2020-11-24 17:29:45" level=info msg="| 200 |     742.552µs |             ::1 | GET | /notice?kefu_id=kefu2 |"
time="2020-11-24 17:29:45" level=info msg="| 200 |    5.840026ms |             ::1 | POST | /visitor_login |"
time="2020-11-24 17:29:45" level=info msg="| 200 |    8.415116ms |             ::1 | GET | /messages?visitorId=ae06a85f-2064-4bc7-9329-1981b2da7dc7 |"
time="2020-11-24 17:29:45" level=info msg="| 404 |         114ns |             ::1 | GET | /favicon.ico |"
time="2020-11-24 17:31:22" level=info msg="| 404 |         163ns |             ::1 | GET | /favicon.ico |"
time="2020-11-24 17:31:33" level=info msg="| 200 | 10.693650736s |             ::1 | GET | /ws_visitor?visitor_id=ae06a85f-2064-4bc7-9329-1981b2da7dc7 |"
time="2020-11-24 17:31:41" level=info msg="| 200 |    2.442178ms |             ::1 | GET | /chatIndex?kefu_id%20=%20kefu2&refer%20=%20%E8%BF%9C%E9%98%B3%E5%8D%9A%E5%AD%A6 |"
time="2020-11-24 17:31:41" level=info msg="| 200 |     896.769µs |             ::1 | GET | /notice?kefu_id=kefu2 |"
time="2020-11-24 17:31:41" level=info msg="| 200 |    7.515882ms |             ::1 | POST | /visitor_login |"
time="2020-11-24 17:31:41" level=info msg="| 200 |     7.23022ms |             ::1 | GET | /messages?visitorId=ae06a85f-2064-4bc7-9329-1981b2da7dc7 |"
time="2020-11-24 17:31:41" level=info msg="| 404 |          93ns |             ::1 | GET | /favicon.ico |"
time="2020-11-24 17:33:20" level=info msg="| 200 | 1m38.773418351s |             ::1 | GET | /ws_visitor?visitor_id=ae06a85f-2064-4bc7-9329-1981b2da7dc7 |"
time="2020-11-24 17:33:30" level=info msg="| 200 |    3.981877ms |             ::1 | GET | /chatIndex?kefu_id%20=%20kefu2&refer%20=%20%E8%BF%9C%E9%98%B3%E5%8D%9A%E5%AD%A6 |"
time="2020-11-24 17:33:34" level=info msg="| 200 |     978.144µs |             ::1 | GET | /notice?kefu_id=kefu2 |"
time="2020-11-24 17:33:34" level=info msg="| 200 |    5.950745ms |             ::1 | POST | /visitor_login |"
time="2020-11-24 17:33:34" level=info msg="| 200 |    7.372946ms |             ::1 | GET | /messages?visitorId=ae06a85f-2064-4bc7-9329-1981b2da7dc7 |"
time="2020-11-24 17:33:34" level=info msg="| 404 |         111ns |             ::1 | GET | /favicon.ico |"
time="2020-11-24 17:33:34" level=info msg="| 200 |  411.823621ms |             ::1 | GET | /ws_visitor?visitor_id=ae06a85f-2064-4bc7-9329-1981b2da7dc7 |"
time="2020-11-24 17:33:39" level=info msg="| 200 |    3.699496ms |             ::1 | GET | /chatIndex?kefu_id%20=%20kefu2&refer%20=%20%E8%BF%9C%E9%98%B3%E5%8D%9A%E5%AD%A6 |"
time="2020-11-24 17:33:39" level=info msg="| 200 |    1.592237ms |             ::1 | GET | /notice?kefu_id=kefu2 |"
time="2020-11-24 17:33:39" level=info msg="| 200 |    6.609455ms |             ::1 | POST | /visitor_login |"
time="2020-11-24 17:33:39" level=info msg="| 200 |    8.344474ms |             ::1 | GET | /messages?visitorId=ae06a85f-2064-4bc7-9329-1981b2da7dc7 |"
time="2020-11-24 17:33:39" level=info msg="| 404 |         109ns |             ::1 | GET | /favicon.ico |"
time="2020-11-24 17:34:48" level=info msg="| 200 | 1m8.986925831s |             ::1 | GET | /ws_visitor?visitor_id=ae06a85f-2064-4bc7-9329-1981b2da7dc7 |"
time="2020-11-24 17:34:54" level=info msg="| 200 |    1.688162ms |             ::1 | GET | /chatIndex?kefu_id%20=%20kefu2&refer%20=%20%E8%BF%9C%E9%98%B3%E5%8D%9A%E5%AD%A6 |"
time="2020-11-24 17:34:54" level=info msg="| 200 |    1.094328ms |             ::1 | GET | /notice?kefu_id=kefu2 |"
time="2020-11-24 17:34:54" level=info msg="| 200 |    6.027515ms |             ::1 | POST | /visitor_login |"
time="2020-11-24 17:34:54" level=info msg="| 200 |    7.672555ms |             ::1 | GET | /messages?visitorId=ae06a85f-2064-4bc7-9329-1981b2da7dc7 |"
time="2020-11-24 17:34:54" level=info msg="| 404 |         123ns |             ::1 | GET | /favicon.ico |"
time="2020-11-24 17:46:40" level=info msg="| 200 | 15m18.141277109s |             ::1 | GET | /ws_kefu?token=eyJhbGciOiJIUzI1NiIsInR5cCI6IkpXVCJ9.eyJjcmVhdGVfdGltZSI6MTYwNjIwNzQ4MSwia2VmdV9pZCI6MSwibmFtZSI6ImtlZnUyIiwicm9sZV9pZCI6MSwidHlwZSI6ImtlZnUifQ.Lauh7fMkeEfhhoc6Spl1uJwsvmcVqC8xTEYZyGG2bsg |"
time="2020-11-24 17:46:40" level=info msg="| 200 | 11m46.060940572s |             ::1 | GET | /ws_visitor?visitor_id=ae06a85f-2064-4bc7-9329-1981b2da7dc7 |"
time="2020-11-24 18:00:25" level=info msg="| 200 | 12m46.975805294s |             ::1 | GET | /ws_visitor?visitor_id=ae06a85f-2064-4bc7-9329-1981b2da7dc7 |"
time="2020-11-24 18:00:27" level=info msg="| 200 |    5.953408ms |             ::1 | GET | /chatIndex?kefu_id%20=%20kefu2&refer%20=%20%E8%BF%9C%E9%98%B3%E5%8D%9A%E5%AD%A6 |"
time="2020-11-24 18:00:28" level=info msg="| 200 |    1.567793ms |             ::1 | GET | /notice?kefu_id=kefu2 |"
time="2020-11-24 18:00:28" level=info msg="| 200 |   12.159522ms |             ::1 | POST | /visitor_login |"
time="2020-11-24 18:00:28" level=info msg="| 200 |    8.835071ms |             ::1 | GET | /messages?visitorId=ae06a85f-2064-4bc7-9329-1981b2da7dc7 |"
time="2020-11-24 18:00:28" level=info msg="| 404 |          98ns |             ::1 | GET | /favicon.ico |"
time="2020-11-24 18:03:47" level=info msg="| 200 | 3m19.713725107s |             ::1 | GET | /ws_visitor?visitor_id=ae06a85f-2064-4bc7-9329-1981b2da7dc7 |"
time="2020-11-24 18:03:50" level=info msg="| 200 |    1.651774ms |             ::1 | GET | /chatIndex?kefu_id%20=%20kefu2&refer%20=%20%E8%BF%9C%E9%98%B3%E5%8D%9A%E5%AD%A6 |"
time="2020-11-24 18:03:50" level=info msg="| 200 |      914.78µs |             ::1 | GET | /notice?kefu_id=kefu2 |"
time="2020-11-24 18:03:50" level=info msg="| 200 |    4.737092ms |             ::1 | POST | /visitor_login |"
time="2020-11-24 18:03:50" level=info msg="| 200 |   10.062503ms |             ::1 | GET | /messages?visitorId=ae06a85f-2064-4bc7-9329-1981b2da7dc7 |"
time="2020-11-24 18:03:50" level=info msg="| 404 |          91ns |             ::1 | GET | /favicon.ico |"
time="2020-11-24 18:05:17" level=info msg="| 200 | 1m26.45361466s |             ::1 | GET | /ws_visitor?visitor_id=ae06a85f-2064-4bc7-9329-1981b2da7dc7 |"
time="2020-11-24 18:05:20" level=info msg="| 200 |     1.54246ms |             ::1 | GET | /chatIndex?kefu_id%20=%20kefu2&refer%20=%20%E8%BF%9C%E9%98%B3%E5%8D%9A%E5%AD%A6 |"
time="2020-11-24 18:05:20" level=info msg="| 200 |     971.064µs |             ::1 | GET | /notice?kefu_id=kefu2 |"
time="2020-11-24 18:05:20" level=info msg="| 200 |    5.474061ms |             ::1 | POST | /visitor_login |"
time="2020-11-24 18:05:20" level=info msg="| 200 |    14.03853ms |             ::1 | GET | /messages?visitorId=ae06a85f-2064-4bc7-9329-1981b2da7dc7 |"
time="2020-11-24 18:05:20" level=info msg="| 404 |         110ns |             ::1 | GET | /favicon.ico |"
time="2020-11-24 18:06:14" level=info msg="| 200 | 54.248671676s |             ::1 | GET | /ws_visitor?visitor_id=ae06a85f-2064-4bc7-9329-1981b2da7dc7 |"
time="2020-11-24 18:06:17" level=info msg="| 200 |    1.808387ms |             ::1 | GET | /chatIndex?kefu_id%20=%20kefu2&refer%20=%20%E8%BF%9C%E9%98%B3%E5%8D%9A%E5%AD%A6 |"
time="2020-11-24 18:06:17" level=info msg="| 200 |     929.319µs |             ::1 | GET | /notice?kefu_id=kefu2 |"
time="2020-11-24 18:06:17" level=info msg="| 200 |    6.882263ms |             ::1 | POST | /visitor_login |"
time="2020-11-24 18:06:17" level=info msg="| 200 |    7.795272ms |             ::1 | GET | /messages?visitorId=ae06a85f-2064-4bc7-9329-1981b2da7dc7 |"
time="2020-11-24 18:06:17" level=info msg="| 404 |         116ns |             ::1 | GET | /favicon.ico |"
time="2020-11-24 18:12:01" level=info msg="| 200 | 5m43.305611199s |             ::1 | GET | /ws_visitor?visitor_id=ae06a85f-2064-4bc7-9329-1981b2da7dc7 |"
time="2020-11-24 18:12:03" level=info msg="| 200 |     1.44798ms |             ::1 | GET | /chatIndex?kefu_id%20=%20kefu2&refer%20=%20%E8%BF%9C%E9%98%B3%E5%8D%9A%E5%AD%A6 |"
time="2020-11-24 18:12:03" level=info msg="| 200 |    1.127304ms |             ::1 | GET | /notice?kefu_id=kefu2 |"
time="2020-11-24 18:12:03" level=info msg="| 200 |    6.513714ms |             ::1 | POST | /visitor_login |"
time="2020-11-24 18:12:03" level=info msg="| 200 |     6.92722ms |             ::1 | GET | /messages?visitorId=ae06a85f-2064-4bc7-9329-1981b2da7dc7 |"
time="2020-11-24 18:12:03" level=info msg="| 404 |         115ns |             ::1 | GET | /favicon.ico |"
time="2020-11-24 18:12:12" level=info msg="| 200 |    2.375902ms |             ::1 | POST | /2/message |"
time="2020-11-24 18:12:12" level=info msg="| 404 |          94ns |             ::1 | GET | /favicon.ico |"
time="2020-11-24 18:13:28" level=info msg="| 200 | 1m24.419121743s |             ::1 | GET | /ws_visitor?visitor_id=ae06a85f-2064-4bc7-9329-1981b2da7dc7 |"
time="2020-11-24 18:13:31" level=info msg="| 200 |    1.523223ms |             ::1 | GET | /chatIndex?kefu_id%20=%20kefu2&refer%20=%20%E8%BF%9C%E9%98%B3%E5%8D%9A%E5%AD%A6 |"
time="2020-11-24 18:13:31" level=info msg="| 200 |     689.079µs |             ::1 | GET | /notice?kefu_id=kefu2 |"
time="2020-11-24 18:13:31" level=info msg="| 200 |    4.267698ms |             ::1 | POST | /visitor_login |"
time="2020-11-24 18:13:31" level=info msg="| 200 |   12.663014ms |             ::1 | GET | /messages?visitorId=ae06a85f-2064-4bc7-9329-1981b2da7dc7 |"
time="2020-11-24 18:13:31" level=info msg="| 404 |          96ns |             ::1 | GET | /favicon.ico |"
time="2020-11-24 18:15:53" level=info msg="| 200 |  3.299299734s |             ::1 | GET | /ws_visitor?visitor_id=ae06a85f-2064-4bc7-9329-1981b2da7dc7 |"
time="2020-11-24 18:15:55" level=info msg="| 200 |    1.726867ms |             ::1 | GET | /chatIndex?kefu_id%20=%20kefu2&refer%20=%20%E8%BF%9C%E9%98%B3%E5%8D%9A%E5%AD%A6 |"
time="2020-11-24 18:15:56" level=info msg="| 200 |      849.74µs |             ::1 | GET | /notice?kefu_id=kefu2 |"
time="2020-11-24 18:15:56" level=info msg="| 200 |     6.25429ms |             ::1 | POST | /visitor_login |"
time="2020-11-24 18:15:56" level=info msg="| 200 |    8.428951ms |             ::1 | GET | /messages?visitorId=ae06a85f-2064-4bc7-9329-1981b2da7dc7 |"
time="2020-11-24 18:15:56" level=info msg="| 404 |         142ns |             ::1 | GET | /favicon.ico |"
time="2020-11-24 18:16:46" level=info msg="| 200 |  2.560370274s |             ::1 | GET | /ws_visitor?visitor_id=ae06a85f-2064-4bc7-9329-1981b2da7dc7 |"
time="2020-11-24 18:16:48" level=info msg="| 200 |    1.690879ms |             ::1 | GET | /chatIndex?kefu_id%20=%20kefu2&refer%20=%20%E8%BF%9C%E9%98%B3%E5%8D%9A%E5%AD%A6 |"
time="2020-11-24 18:16:48" level=info msg="| 200 |     904.072µs |             ::1 | GET | /notice?kefu_id=kefu2 |"
time="2020-11-24 18:16:48" level=info msg="| 200 |    6.119545ms |             ::1 | POST | /visitor_login |"
time="2020-11-24 18:16:49" level=info msg="| 200 |   10.109579ms |             ::1 | GET | /messages?visitorId=ae06a85f-2064-4bc7-9329-1981b2da7dc7 |"
time="2020-11-24 18:16:49" level=info msg="| 404 |         115ns |             ::1 | GET | /favicon.ico |"
time="2020-11-24 18:17:14" level=info msg="| 200 |   4.08130869s |             ::1 | GET | /ws_visitor?visitor_id=ae06a85f-2064-4bc7-9329-1981b2da7dc7 |"
time="2020-11-24 18:17:16" level=info msg="| 200 |    1.816127ms |             ::1 | GET | /chatIndex?kefu_id%20=%20kefu2&refer%20=%20%E8%BF%9C%E9%98%B3%E5%8D%9A%E5%AD%A6 |"
time="2020-11-24 18:17:17" level=info msg="| 200 |    1.498046ms |             ::1 | GET | /notice?kefu_id=kefu2 |"
time="2020-11-24 18:17:17" level=info msg="| 200 |    7.173387ms |             ::1 | POST | /visitor_login |"
time="2020-11-24 18:17:17" level=info msg="| 200 |   10.441376ms |             ::1 | GET | /messages?visitorId=ae06a85f-2064-4bc7-9329-1981b2da7dc7 |"
time="2020-11-24 18:17:17" level=info msg="| 404 |          96ns |             ::1 | GET | /favicon.ico |"
time="2020-11-24 18:17:25" level=info msg="| 200 |    2.664558ms |             ::1 | POST | /2/message |"
time="2020-11-24 18:17:25" level=info msg="| 404 |          98ns |             ::1 | GET | /favicon.ico |"
time="2020-11-24 18:17:35" level=info msg="| 200 |    2.369624ms |             ::1 | POST | /2/message |"
time="2020-11-24 18:17:35" level=info msg="| 404 |          94ns |             ::1 | GET | /favicon.ico |"
time="2020-11-24 18:17:43" level=info msg="| 200 |    3.376501ms |             ::1 | POST | /2/message |"
time="2020-11-24 18:17:43" level=info msg="| 404 |         100ns |             ::1 | GET | /favicon.ico |"
time="2020-11-24 18:18:53" level=info msg="| 200 | 1m35.915674225s |             ::1 | GET | /ws_visitor?visitor_id=ae06a85f-2064-4bc7-9329-1981b2da7dc7 |"
time="2020-11-24 18:18:55" level=info msg="| 200 |    2.104124ms |             ::1 | GET | /chatIndex?kefu_id%20=%20kefu2&refer%20=%20%E8%BF%9C%E9%98%B3%E5%8D%9A%E5%AD%A6 |"
time="2020-11-24 18:18:55" level=info msg="| 200 |    4.127805ms |             ::1 | GET | /notice?kefu_id=kefu2 |"
time="2020-11-24 18:18:55" level=info msg="| 200 |    6.853375ms |             ::1 | POST | /visitor_login |"
time="2020-11-24 18:18:55" level=info msg="| 200 |    8.582712ms |             ::1 | GET | /messages?visitorId=ae06a85f-2064-4bc7-9329-1981b2da7dc7 |"
time="2020-11-24 18:18:55" level=info msg="| 404 |          95ns |             ::1 | GET | /favicon.ico |"
time="2020-11-24 18:19:02" level=info msg="| 200 |  6.930601503s |             ::1 | GET | /ws_visitor?visitor_id=ae06a85f-2064-4bc7-9329-1981b2da7dc7 |"
time="2020-11-24 18:19:03" level=info msg="| 200 |    1.455504ms |             ::1 | GET | /chatIndex?kefu_id%20=%20kefu2&refer%20=%20%E8%BF%9C%E9%98%B3%E5%8D%9A%E5%AD%A6 |"
time="2020-11-24 18:19:03" level=info msg="| 200 |    3.804333ms |             ::1 | GET | /notice?kefu_id=kefu2 |"
time="2020-11-24 18:19:03" level=info msg="| 200 |    5.742637ms |             ::1 | POST | /visitor_login |"
time="2020-11-24 18:19:03" level=info msg="| 200 |     8.52829ms |             ::1 | GET | /messages?visitorId=ae06a85f-2064-4bc7-9329-1981b2da7dc7 |"
time="2020-11-24 18:19:03" level=info msg="| 404 |          99ns |             ::1 | GET | /favicon.ico |"
time="2020-11-24 18:19:09" level=info msg="| 200 |   5.79492146s |             ::1 | GET | /ws_visitor?visitor_id=ae06a85f-2064-4bc7-9329-1981b2da7dc7 |"
time="2020-11-24 18:19:13" level=info msg="| 200 |    1.804038ms |             ::1 | GET | /chatIndex?kefu_id%20=%20kefu2&refer%20=%20%E8%BF%9C%E9%98%B3%E5%8D%9A%E5%AD%A6 |"
time="2020-11-24 18:19:13" level=info msg="| 200 |     807.423µs |             ::1 | GET | /notice?kefu_id=kefu2 |"
time="2020-11-24 18:19:13" level=info msg="| 200 |    5.381015ms |             ::1 | POST | /visitor_login |"
time="2020-11-24 18:19:13" level=info msg="| 200 |    8.616636ms |             ::1 | GET | /messages?visitorId=ae06a85f-2064-4bc7-9329-1981b2da7dc7 |"
time="2020-11-24 18:19:13" level=info msg="| 404 |          94ns |             ::1 | GET | /favicon.ico |"
time="2020-11-24 18:19:44" level=info msg="| 404 |         125ns |             ::1 | GET | /favicon.ico |"
time="2020-11-24 18:19:46" level=info msg="| 200 |  1.722713062s |             ::1 | GET | /ws_visitor?visitor_id=ae06a85f-2064-4bc7-9329-1981b2da7dc7 |"
time="2020-11-24 18:19:53" level=info msg="| 200 |    1.698933ms |             ::1 | GET | /chatIndex?kefu_id%20=%20kefu2&refer%20=%20%E8%BF%9C%E9%98%B3%E5%8D%9A%E5%AD%A6 |"
time="2020-11-24 18:19:53" level=info msg="| 200 |     934.371µs |             ::1 | GET | /notice?kefu_id=kefu2 |"
time="2020-11-24 18:19:53" level=info msg="| 200 |    5.759858ms |             ::1 | POST | /visitor_login |"
time="2020-11-24 18:19:53" level=info msg="| 200 |    8.287813ms |             ::1 | GET | /messages?visitorId=ae06a85f-2064-4bc7-9329-1981b2da7dc7 |"
time="2020-11-24 18:19:53" level=info msg="| 404 |          98ns |             ::1 | GET | /favicon.ico |"
time="2020-11-24 18:20:00" level=info msg="| 200 |  6.647279671s |             ::1 | GET | /ws_visitor?visitor_id=ae06a85f-2064-4bc7-9329-1981b2da7dc7 |"
time="2020-11-24 18:20:29" level=info msg="| 200 |     1.72357ms |             ::1 | GET | /chatIndex?kefu_id%20=%20kefu2&refer%20=%20%E8%BF%9C%E9%98%B3%E5%8D%9A%E5%AD%A6 |"
time="2020-11-24 18:20:29" level=info msg="| 200 |    1.422422ms |             ::1 | GET | /notice?kefu_id=kefu2 |"
time="2020-11-24 18:20:29" level=info msg="| 200 |    5.437554ms |             ::1 | POST | /visitor_login |"
time="2020-11-24 18:20:29" level=info msg="| 200 |    9.848479ms |             ::1 | GET | /messages?visitorId=ae06a85f-2064-4bc7-9329-1981b2da7dc7 |"
time="2020-11-24 18:20:29" level=info msg="| 404 |          98ns |             ::1 | GET | /favicon.ico |"
time="2020-11-24 18:20:32" level=info msg="| 200 |  3.365727867s |             ::1 | GET | /ws_visitor?visitor_id=ae06a85f-2064-4bc7-9329-1981b2da7dc7 |"
time="2020-11-24 18:20:42" level=info msg="| 302 |      38.379µs |             ::1 | GET | / |"
time="2020-11-24 18:20:42" level=info msg="| 200 |    2.166154ms |             ::1 | GET | /index_en |"
time="2020-11-24 18:20:42" level=info msg="| 404 |         100ns |             ::1 | GET | /favicon.ico |"
time="2020-11-24 18:20:45" level=info msg="| 200 |    1.392564ms |             ::1 | GET | /chatIndex?kefu_id=kefu2&refer=GO-FLY%20-%20Simple%20and%20Powerful%20Go%20language%20online%20customer%20chat%20system |"
time="2020-11-24 18:20:45" level=info msg="| 200 |     777.963µs |             ::1 | GET | /notice?kefu_id=kefu2 |"
time="2020-11-24 18:20:45" level=info msg="| 200 |     4.81454ms |             ::1 | POST | /visitor_login |"
time="2020-11-24 18:20:45" level=info msg="| 200 |    9.003314ms |             ::1 | GET | /messages?visitorId=ae06a85f-2064-4bc7-9329-1981b2da7dc7 |"
time="2020-11-24 18:20:45" level=info msg="| 404 |         118ns |             ::1 | GET | /favicon.ico |"
time="2020-11-24 18:20:49" level=info msg="| 404 |          98ns |             ::1 | GET | /favicon.ico |"
time="2020-11-24 18:20:55" level=info msg="| 200 | 10.164792504s |             ::1 | GET | /ws_visitor?visitor_id=ae06a85f-2064-4bc7-9329-1981b2da7dc7 |"
time="2020-11-24 18:20:56" level=info msg="| 200 |    1.567802ms |             ::1 | GET | /chatIndex?kefu_id=kefu2&refer=GO-FLY%20-%20Simple%20and%20Powerful%20Go%20language%20online%20customer%20chat%20system |"
time="2020-11-24 18:20:56" level=info msg="| 200 |     757.059µs |             ::1 | GET | /notice?kefu_id=kefu2 |"
time="2020-11-24 18:20:56" level=info msg="| 200 |     5.51853ms |             ::1 | POST | /visitor_login |"
time="2020-11-24 18:20:56" level=info msg="| 200 |    7.992978ms |             ::1 | GET | /messages?visitorId=ae06a85f-2064-4bc7-9329-1981b2da7dc7 |"
time="2020-11-24 18:20:56" level=info msg="| 404 |          98ns |             ::1 | GET | /favicon.ico |"
time="2020-11-24 18:20:58" level=info msg="| 200 |  2.495067232s |             ::1 | GET | /ws_visitor?visitor_id=ae06a85f-2064-4bc7-9329-1981b2da7dc7 |"
time="2020-11-24 18:21:02" level=info msg="| 200 |    1.335268ms |             ::1 | GET | /chatIndex?kefu_id%20=%20kefu2&refer%20=%20%E8%BF%9C%E9%98%B3%E5%8D%9A%E5%AD%A6 |"
time="2020-11-24 18:21:02" level=info msg="| 200 |    1.422775ms |             ::1 | GET | /notice?kefu_id=kefu2 |"
time="2020-11-24 18:21:02" level=info msg="| 200 |    5.250708ms |             ::1 | POST | /visitor_login |"
time="2020-11-24 18:21:02" level=info msg="| 200 |    8.916643ms |             ::1 | GET | /messages?visitorId=ae06a85f-2064-4bc7-9329-1981b2da7dc7 |"
time="2020-11-24 18:21:02" level=info msg="| 404 |          93ns |             ::1 | GET | /favicon.ico |"
time="2020-11-24 18:21:12" level=info msg="| 200 | 10.019074022s |             ::1 | GET | /ws_visitor?visitor_id=ae06a85f-2064-4bc7-9329-1981b2da7dc7 |"
time="2020-11-24 18:22:41" level=info msg="| 200 |    1.551808ms |             ::1 | GET | /chatIndex?kefu_id%20=%20kefu2&refer%20=%20%E8%BF%9C%E9%98%B3%E5%8D%9A%E5%AD%A6 |"
time="2020-11-24 18:22:41" level=info msg="| 200 |     742.973µs |             ::1 | GET | /notice?kefu_id=kefu2 |"
time="2020-11-24 18:22:41" level=info msg="| 200 |    4.309616ms |             ::1 | POST | /visitor_login |"
time="2020-11-24 18:22:41" level=info msg="| 200 |     9.49077ms |             ::1 | GET | /messages?visitorId=ae06a85f-2064-4bc7-9329-1981b2da7dc7 |"
time="2020-11-24 18:22:41" level=info msg="| 404 |          98ns |             ::1 | GET | /favicon.ico |"
time="2020-11-24 18:22:57" level=info msg="| 200 |    1.480292ms |             ::1 | GET | /chatIndex?kefu_id=kefu2&refer=GO-FLY%20-%20Simple%20and%20Powerful%20Go%20language%20online%20customer%20chat%20system |"
time="2020-11-24 18:22:57" level=info msg="| 200 |     768.831µs |             ::1 | GET | /notice?kefu_id=kefu2 |"
time="2020-11-24 18:22:57" level=info msg="| 200 |    4.703586ms |             ::1 | POST | /visitor_login |"
time="2020-11-24 18:22:57" level=info msg="| 404 |          92ns |             ::1 | GET | /favicon.ico |"
time="2020-11-24 18:22:57" level=info msg="| 200 |   24.781109ms |             ::1 | GET | /messages?visitorId=ae06a85f-2064-4bc7-9329-1981b2da7dc7 |"
time="2020-11-24 18:23:00" level=info msg="| 200 |  3.256799011s |             ::1 | GET | /ws_visitor?visitor_id=ae06a85f-2064-4bc7-9329-1981b2da7dc7 |"
time="2020-11-24 18:24:47" level=info msg="| 200 |    2.353517ms |             ::1 | POST | /2/message |"
time="2020-11-24 18:24:47" level=info msg="| 404 |         106ns |             ::1 | GET | /favicon.ico |"
time="2020-11-24 18:25:54" level=info msg="| 200 | 3m12.744726777s |             ::1 | GET | /ws_visitor?visitor_id=ae06a85f-2064-4bc7-9329-1981b2da7dc7 |"
time="2020-11-24 18:25:55" level=info msg="| 200 |    1.627444ms |             ::1 | GET | /chatIndex?kefu_id%20=%20kefu2&refer%20=%20%E8%BF%9C%E9%98%B3%E5%8D%9A%E5%AD%A6 |"
time="2020-11-24 18:25:55" level=info msg="| 200 |     754.817µs |             ::1 | GET | /notice?kefu_id=kefu2 |"
time="2020-11-24 18:25:55" level=info msg="| 200 |    4.361878ms |             ::1 | POST | /visitor_login |"
time="2020-11-24 18:25:55" level=info msg="| 404 |         110ns |             ::1 | GET | /favicon.ico |"
time="2020-11-24 18:25:55" level=info msg="| 200 |   31.404207ms |             ::1 | GET | /messages?visitorId=ae06a85f-2064-4bc7-9329-1981b2da7dc7 |"
time="2020-11-24 18:26:03" level=info msg="| 200 |    7.6796645s |             ::1 | GET | /ws_visitor?visitor_id=ae06a85f-2064-4bc7-9329-1981b2da7dc7 |"
time="2020-11-24 18:32:15" level=info msg="| 200 | 12m31.413767253s |             ::1 | GET | /ws_kefu?token=eyJhbGciOiJIUzI1NiIsInR5cCI6IkpXVCJ9.eyJjcmVhdGVfdGltZSI6MTYwNjIwNzQ4MSwia2VmdV9pZCI6MSwibmFtZSI6ImtlZnUyIiwicm9sZV9pZCI6MSwidHlwZSI6ImtlZnUifQ.Lauh7fMkeEfhhoc6Spl1uJwsvmcVqC8xTEYZyGG2bsg |"
time="2020-11-24 19:10:55" level=info msg="| 200 | 25m54.387165097s |             ::1 | GET | /ws_kefu?token=eyJhbGciOiJIUzI1NiIsInR5cCI6IkpXVCJ9.eyJjcmVhdGVfdGltZSI6MTYwNjIwNzQ4MSwia2VmdV9pZCI6MSwibmFtZSI6ImtlZnUyIiwicm9sZV9pZCI6MSwidHlwZSI6ImtlZnUifQ.Lauh7fMkeEfhhoc6Spl1uJwsvmcVqC8xTEYZyGG2bsg |"
