time="2020-12-13 21:54:10" level=info msg="| 200 |    3.015647ms |       127.0.0.1 | GET | /chatIndex?kefu_id=zzy |"
time="2020-12-13 21:54:13" level=info msg="| 200 |    7.971485ms |       127.0.0.1 | GET | /notice?kefu_id=zzy |"
time="2020-12-13 21:54:13" level=info msg="| 200 |    9.544601ms |       127.0.0.1 | POST | /visitor_login |"
time="2020-12-13 21:54:13" level=info msg="| 200 |   14.593064ms |       127.0.0.1 | GET | /messages?visitorId=6f7ca468-1f97-431c-bc7c-503e6868ec7d |"
time="2020-12-13 21:54:16" level=info msg="| 200 |    3.561339ms |       127.0.0.1 | POST | /2/message |"
time="2020-12-13 21:54:33" level=info msg="| 200 |    2.545198ms |       127.0.0.1 | POST | /2/message |"
time="2020-12-13 21:54:51" level=info msg="| 200 |    1.648791ms |             ::1 | GET | /login |"
time="2020-12-13 21:54:52" level=info msg="| 404 |         127ns |             ::1 | GET | /favicon.ico |"
time="2020-12-13 21:54:54" level=info msg="| 200 |     641.749µs |             ::1 | POST | /check |"
time="2020-12-13 21:54:57" level=info msg="| 200 |    3.398475ms |             ::1 | POST | /check |"
time="2020-12-13 21:54:57" level=info msg="| 200 |    2.010579ms |             ::1 | GET | /main |"
time="2020-12-13 21:54:57" level=info msg="| 200 |    3.088166ms |             ::1 | POST | /check_auth |"
time="2020-12-13 21:54:57" level=info msg="| 200 |    2.056919ms |             ::1 | GET | /chat_main |"
time="2020-12-13 21:54:58" level=info msg="| 200 |     374.714µs |             ::1 | GET | /visitors_kefu_online |"
time="2020-12-13 21:54:58" level=info msg="| 200 |    1.851066ms |             ::1 | GET | /kefuinfo |"
time="2020-12-13 21:54:59" level=info msg="| 200 |     2.10486ms |             ::1 | GET | /visitors?page=1 |"
time="2020-12-13 21:55:00" level=info msg="| 200 |     875.953µs |             ::1 | GET | /visitor?visitorId=0b84c08e-1431-40e0-829a-d5a50bd1acc4 |"
time="2020-12-13 21:55:00" level=info msg="| 200 |   59.585171ms |             ::1 | GET | /messages?visitorId=0b84c08e-1431-40e0-829a-d5a50bd1acc4 |"
time="2020-12-13 21:55:03" level=info msg="| 200 |    1.259619ms |             ::1 | GET | /visitors?page=1 |"
time="2020-12-13 21:55:05" level=info msg="| 200 |    1.461149ms |             ::1 | GET | /login |"
time="2020-12-13 21:55:05" level=info msg="| 200 |  7.039451019s |             ::1 | GET | /ws_kefu?token=eyJhbGciOiJIUzI1NiIsInR5cCI6IkpXVCJ9.eyJjcmVhdGVfdGltZSI6MTYwNzg2NzY5Nywia2VmdV9pZCI6MSwibmFtZSI6ImtlZnUyIiwicm9sZV9pZCI6MSwidHlwZSI6ImtlZnUifQ.6GAzoTVk4ogR1C1uvZuTJPn4LpbsV1XLR2Dssr9gp-A |"
time="2020-12-13 21:55:05" level=info msg="| 200 |    1.246877ms |             ::1 | GET | /login |"
time="2020-12-13 21:55:09" level=info msg="| 200 |    1.145005ms |             ::1 | POST | /check |"
time="2020-12-13 21:55:09" level=info msg="| 200 |    1.294619ms |             ::1 | GET | /main |"
time="2020-12-13 21:55:09" level=info msg="| 200 |     575.502µs |             ::1 | POST | /check_auth |"
time="2020-12-13 21:55:09" level=info msg="| 200 |    2.058252ms |             ::1 | GET | /chat_main |"
time="2020-12-13 21:55:09" level=info msg="| 200 |     313.155µs |             ::1 | GET | /visitors_kefu_online |"
time="2020-12-13 21:55:09" level=info msg="| 200 |    1.078337ms |             ::1 | GET | /kefuinfo |"
time="2020-12-13 21:55:10" level=info msg="| 200 |    1.298877ms |             ::1 | GET | /visitors?page=1 |"
time="2020-12-13 21:55:10" level=info msg="| 200 |     834.322µs |             ::1 | GET | /visitor?visitorId=f4b1c2b5-84cd-44eb-b0bd-2df63858c594 |"
time="2020-12-13 21:55:10" level=info msg="| 200 |     6.31835ms |             ::1 | GET | /messages?visitorId=f4b1c2b5-84cd-44eb-b0bd-2df63858c594 |"
time="2020-12-13 21:55:13" level=info msg="| 200 |    2.761866ms |             ::1 | POST | /2/message |"
time="2020-12-13 21:55:13" level=info msg="| 404 |         117ns |             ::1 | GET | /favicon.ico |"
time="2020-12-13 21:55:21" level=info msg="| 200 |    1.299243ms |             ::1 | GET | /login |"
time="2020-12-13 21:55:21" level=info msg="| 200 | 12.072410887s |             ::1 | GET | /ws_kefu?token=eyJhbGciOiJIUzI1NiIsInR5cCI6IkpXVCJ9.eyJjcmVhdGVfdGltZSI6MTYwNzg2NzcwOSwia2VmdV9pZCI6MywibmFtZSI6Inp6eSIsInJvbGVfaWQiOjIsInR5cGUiOiJrZWZ1In0.aqpkIL9gj-fLwaMZ3Us3IgWhiSdmTiMnmtBUl67jhRw |"
time="2020-12-13 21:55:21" level=info msg="| 200 |    1.183647ms |             ::1 | GET | /login |"
time="2020-12-13 21:55:25" level=info msg="| 200 |     997.782µs |             ::1 | POST | /check |"
time="2020-12-13 21:55:25" level=info msg="| 200 |    1.307547ms |             ::1 | GET | /main |"
time="2020-12-13 21:55:25" level=info msg="| 200 |     646.346µs |             ::1 | POST | /check_auth |"
time="2020-12-13 21:55:25" level=info msg="| 200 |    1.904092ms |             ::1 | GET | /chat_main |"
time="2020-12-13 21:55:25" level=info msg="| 200 |     932.229µs |             ::1 | GET | /kefuinfo |"
time="2020-12-13 21:55:25" level=info msg="| 200 |    1.215089ms |             ::1 | GET | /visitors_kefu_online |"
time="2020-12-13 21:55:27" level=info msg="| 200 |      691.75µs |             ::1 | GET | /visitor?visitorId=6f7ca468-1f97-431c-bc7c-503e6868ec7d |"
time="2020-12-13 21:55:27" level=info msg="| 200 |    8.906523ms |             ::1 | GET | /messages?visitorId=6f7ca468-1f97-431c-bc7c-503e6868ec7d |"
time="2020-12-13 21:55:28" level=info msg="| 200 |    2.959728ms |             ::1 | POST | /2/message |"
time="2020-12-13 21:55:28" level=info msg="| 404 |          92ns |             ::1 | GET | /favicon.ico |"
time="2020-12-13 21:55:35" level=info msg="| 200 |    2.680984ms |       127.0.0.1 | POST | /2/message |"
time="2020-12-13 21:55:35" level=info msg="| 404 |         106ns |             ::1 | GET | /favicon.ico |"
time="2020-12-13 21:56:19" level=info msg="| 200 | 2m5.514582625s |       127.0.0.1 | GET | /ws_visitor?visitor_id=6f7ca468-1f97-431c-bc7c-503e6868ec7d |"
time="2020-12-13 22:04:23" level=info msg="| 200 | 8m57.380790275s |             ::1 | GET | /ws_kefu?token=eyJhbGciOiJIUzI1NiIsInR5cCI6IkpXVCJ9.eyJjcmVhdGVfdGltZSI6MTYwNzg2NzcyNSwia2VmdV9pZCI6MiwibmFtZSI6ImtlZnUzIiwicm9sZV9pZCI6MiwidHlwZSI6ImtlZnUifQ.QGDyvsL3mqAUlfVrInGIMreYgkhxCmVUFphsRPnlnnE |"
time="2020-12-13 22:41:28" level=info msg="| 200 | 37.356354816s |             ::1 | GET | /ws_kefu?token=eyJhbGciOiJIUzI1NiIsInR5cCI6IkpXVCJ9.eyJjcmVhdGVfdGltZSI6MTYwNzg2NzcyNSwia2VmdV9pZCI6MiwibmFtZSI6ImtlZnUzIiwicm9sZV9pZCI6MiwidHlwZSI6ImtlZnUifQ.QGDyvsL3mqAUlfVrInGIMreYgkhxCmVUFphsRPnlnnE |"
