time="2020-11-23 10:01:26" level=info msg="| 200 |    7.127969ms |             ::1 | GET | /chatIndex?kefu_id%20=%20kefu2&refer%20=%20%E8%BF%9C%E9%98%B3%E5%8D%9A%E5%AD%A6 |"
time="2020-11-23 10:01:27" level=info msg="| 200 |    8.354356ms |             ::1 | GET | /notice?kefu_id=kefu2 |"
time="2020-11-23 10:01:27" level=info msg="| 200 |    51.22227ms |             ::1 | POST | /visitor_login |"
time="2020-11-23 10:01:28" level=info msg="| 200 |  224.639319ms |             ::1 | GET | /messages?visitorId=e162ac1b-4a5a-4b37-b8d0-9105d35c7c56 |"
time="2020-11-23 10:01:35" level=info msg="| 200 |  7.487550567s |             ::1 | GET | /ws_visitor?visitor_id=e162ac1b-4a5a-4b37-b8d0-9105d35c7c56 |"
time="2020-11-23 11:30:42" level=info msg="| 200 |   60.363944ms |             ::1 | GET | /login |"
time="2020-11-23 11:30:42" level=info msg="| 404 |         148ns |             ::1 | GET | /favicon.ico |"
time="2020-11-23 11:30:44" level=info msg="| 200 |   68.466686ms |             ::1 | POST | /check |"
time="2020-11-23 11:30:44" level=info msg="| 200 |   10.288388ms |             ::1 | GET | /main |"
time="2020-11-23 11:30:45" level=info msg="| 200 |    9.484773ms |             ::1 | POST | /check_auth |"
time="2020-11-23 11:30:45" level=info msg="| 200 |    6.979573ms |             ::1 | GET | /chat_main |"
time="2020-11-23 11:30:45" level=info msg="| 200 |    4.582678ms |             ::1 | GET | /kefuinfo |"
time="2020-11-23 11:30:45" level=info msg="| 200 |  268.795099ms |             ::1 | GET | /visitors_kefu_online |"
time="2020-11-23 11:30:46" level=info msg="| 200 |    5.153011ms |             ::1 | GET | /visitors?page=1 |"
time="2020-11-23 11:30:57" level=info msg="| 200 |    5.592968ms |             ::1 | GET | /chatIndex?kefu_id%20=%20kefu2&refer%20=%20%E8%BF%9C%E9%98%B3%E5%8D%9A%E5%AD%A6 |"
time="2020-11-23 11:30:58" level=info msg="| 200 |     4.93064ms |             ::1 | GET | /notice?kefu_id=kefu2 |"
time="2020-11-23 11:30:58" level=info msg="| 200 |   42.961481ms |             ::1 | POST | /visitor_login |"
time="2020-11-23 11:30:58" level=info msg="| 404 |         151ns |             ::1 | GET | /favicon.ico |"
time="2020-11-23 11:30:59" level=info msg="| 200 |  841.287849ms |             ::1 | GET | /messages?visitorId=e162ac1b-4a5a-4b37-b8d0-9105d35c7c56 |"
time="2020-11-23 11:31:00" level=info msg="| 200 |  2.355938676s |             ::1 | GET | /ws_visitor?visitor_id=e162ac1b-4a5a-4b37-b8d0-9105d35c7c56 |"
time="2020-11-23 11:31:01" level=info msg="| 200 |    2.974064ms |             ::1 | GET | /chatIndex?kefu_id%20=%20kefu2&refer%20=%20%E8%BF%9C%E9%98%B3%E5%8D%9A%E5%AD%A6 |"
time="2020-11-23 11:31:02" level=info msg="| 200 |   21.059827ms |             ::1 | GET | /notice?kefu_id=kefu2 |"
time="2020-11-23 11:31:02" level=info msg="| 200 |    311.8494ms |             ::1 | POST | /visitor_login |"
time="2020-11-23 11:31:02" level=info msg="| 404 |         111ns |             ::1 | GET | /favicon.ico |"
time="2020-11-23 11:31:02" level=info msg="| 200 |  451.613883ms |             ::1 | GET | /messages?visitorId=e162ac1b-4a5a-4b37-b8d0-9105d35c7c56 |"
time="2020-11-23 11:31:11" level=info msg="| 200 |   12.428536ms |             ::1 | POST | /2/message |"
time="2020-11-23 11:31:11" level=info msg="| 404 |         135ns |             ::1 | GET | /favicon.ico |"
time="2020-11-23 11:31:20" level=info msg="| 200 | 18.519535285s |             ::1 | GET | /ws_visitor?visitor_id=e162ac1b-4a5a-4b37-b8d0-9105d35c7c56 |"
time="2020-11-23 11:33:32" level=info msg="| 200 |    3.735482ms |             ::1 | GET | /chatIndex?kefu_id%20=%20kefu2&refer%20=%20%E8%BF%9C%E9%98%B3%E5%8D%9A%E5%AD%A6 |"
time="2020-11-23 11:33:33" level=info msg="| 200 |    3.116198ms |             ::1 | GET | /notice?kefu_id=kefu2 |"
time="2020-11-23 11:33:33" level=info msg="| 200 |   34.511589ms |             ::1 | POST | /visitor_login |"
time="2020-11-23 11:33:33" level=info msg="| 404 |         126ns |             ::1 | GET | /favicon.ico |"
time="2020-11-23 11:33:33" level=info msg="| 200 |  490.418913ms |             ::1 | GET | /messages?visitorId=e162ac1b-4a5a-4b37-b8d0-9105d35c7c56 |"
time="2020-11-23 11:33:46" level=info msg="| 200 |    3.956495ms |             ::1 | GET | /setting |"
time="2020-11-23 11:33:46" level=info msg="| 200 | 3m0.779562791s |             ::1 | GET | /ws_kefu?token=eyJhbGciOiJIUzI1NiIsInR5cCI6IkpXVCJ9.eyJjcmVhdGVfdGltZSI6MTYwNjEwMjI0NCwia2VmdV9pZCI6MSwibmFtZSI6ImtlZnUyIiwicm9sZV9pZCI6MSwidHlwZSI6ImtlZnUifQ.PxBGd0Iv_QEBU1ww8_GSSpq1gakPeok-gozWEeSA8VQ |"
time="2020-11-23 11:33:46" level=info msg="| 200 |    3.169158ms |             ::1 | GET | /setting_statistics |"
time="2020-11-23 11:33:46" level=info msg="| 200 |    1.165331ms |             ::1 | GET | /statistics |"
time="2020-11-23 11:33:47" level=info msg="| 200 |    2.267832ms |             ::1 | GET | /setting_welcome |"
time="2020-11-23 11:33:47" level=info msg="| 200 |    1.358517ms |             ::1 | GET | /notices |"
time="2020-11-23 11:34:09" level=info msg="| 200 |     958.516µs |             ::1 | POST | /notice_save |"
time="2020-11-23 11:34:53" level=info msg="| 200 |    5.180531ms |             ::1 | GET | /main |"
time="2020-11-23 11:34:54" level=info msg="| 200 |     1.02399ms |             ::1 | POST | /check_auth |"
time="2020-11-23 11:34:54" level=info msg="| 200 |    4.107243ms |             ::1 | GET | /chat_main |"
time="2020-11-23 11:34:55" level=info msg="| 200 |     3.57734ms |             ::1 | GET | /kefuinfo |"
time="2020-11-23 11:34:55" level=info msg="| 200 |    8.825226ms |             ::1 | GET | /visitors_kefu_online |"
time="2020-11-23 11:34:59" level=info msg="| 200 | 1m25.854251673s |             ::1 | GET | /ws_visitor?visitor_id=e162ac1b-4a5a-4b37-b8d0-9105d35c7c56 |"
time="2020-11-23 11:35:04" level=info msg="| 200 |    3.392239ms |             ::1 | GET | /chatIndex?kefu_id%20=%20kefu2&refer%20=%20%E8%BF%9C%E9%98%B3%E5%8D%9A%E5%AD%A6 |"
time="2020-11-23 11:35:04" level=info msg="| 200 |   17.886314ms |             ::1 | GET | /notice?kefu_id=kefu2 |"
time="2020-11-23 11:35:05" level=info msg="| 200 |   99.210862ms |             ::1 | POST | /visitor_login |"
time="2020-11-23 11:35:05" level=info msg="| 200 |  127.721594ms |             ::1 | GET | /messages?visitorId=e162ac1b-4a5a-4b37-b8d0-9105d35c7c56 |"
time="2020-11-23 11:35:05" level=info msg="| 404 |         151ns |             ::1 | GET | /favicon.ico |"
time="2020-11-23 11:36:37" level=info msg="| 200 | 1m32.599826565s |             ::1 | GET | /ws_visitor?visitor_id=e162ac1b-4a5a-4b37-b8d0-9105d35c7c56 |"
time="2020-11-23 11:45:10" level=info msg="| 200 |   12.564278ms |             ::1 | GET | /chatIndex?kefu_id%20=%20kefu2&refer%20=%20%E8%BF%9C%E9%98%B3%E5%8D%9A%E5%AD%A6 |"
time="2020-11-23 11:45:10" level=info msg="| 200 |   14.092008ms |             ::1 | GET | /notice?kefu_id=kefu2 |"
time="2020-11-23 11:45:10" level=info msg="| 200 |   38.686093ms |             ::1 | POST | /visitor_login |"
time="2020-11-23 11:45:11" level=info msg="| 404 |         117ns |             ::1 | GET | /favicon.ico |"
time="2020-11-23 11:45:11" level=info msg="| 200 |  138.642539ms |             ::1 | GET | /messages?visitorId=e162ac1b-4a5a-4b37-b8d0-9105d35c7c56 |"
time="2020-11-23 11:45:16" level=info msg="| 200 |    3.220416ms |             ::1 | GET | /visitor?visitorId=e162ac1b-4a5a-4b37-b8d0-9105d35c7c56 |"
time="2020-11-23 11:45:16" level=info msg="| 200 |   77.122054ms |             ::1 | GET | /messages?visitorId=e162ac1b-4a5a-4b37-b8d0-9105d35c7c56 |"
time="2020-11-23 11:45:19" level=info msg="| 200 |    7.309597ms |             ::1 | POST | /2/message |"
time="2020-11-23 11:45:19" level=info msg="| 404 |         135ns |             ::1 | GET | /favicon.ico |"
time="2020-11-23 11:48:23" level=info msg="| 200 |    2.351072ms |             ::1 | GET | /visitors?page=1 |"
time="2020-11-23 11:48:25" level=info msg="| 200 |    1.696327ms |             ::1 | GET | /visitors?page=1 |"
time="2020-11-23 11:49:01" level=info msg="| 200 | 3m50.574087797s |             ::1 | GET | /ws_visitor?visitor_id=e162ac1b-4a5a-4b37-b8d0-9105d35c7c56 |"
time="2020-11-23 11:54:50" level=info msg="| 200 |   11.695718ms |             ::1 | GET | /chatIndex?kefu_id%20=%20kefu2&refer%20=%20%E8%BF%9C%E9%98%B3%E5%8D%9A%E5%AD%A6 |"
time="2020-11-23 11:54:50" level=info msg="| 200 |     6.11595ms |             ::1 | GET | /notice?kefu_id=kefu2 |"
time="2020-11-23 11:54:50" level=info msg="| 200 |  116.996865ms |             ::1 | POST | /visitor_login |"
time="2020-11-23 11:54:50" level=info msg="| 404 |         141ns |             ::1 | GET | /favicon.ico |"
time="2020-11-23 11:54:51" level=info msg="| 200 |  565.112379ms |             ::1 | GET | /messages?visitorId=e162ac1b-4a5a-4b37-b8d0-9105d35c7c56 |"
time="2020-11-23 11:55:44" level=info msg="| 200 | 53.786874446s |             ::1 | GET | /ws_visitor?visitor_id=e162ac1b-4a5a-4b37-b8d0-9105d35c7c56 |"
time="2020-11-23 12:02:59" level=info msg="| 200 | 28m3.649397958s |             ::1 | GET | /ws_kefu?token=eyJhbGciOiJIUzI1NiIsInR5cCI6IkpXVCJ9.eyJjcmVhdGVfdGltZSI6MTYwNjEwMjI0NCwia2VmdV9pZCI6MSwibmFtZSI6ImtlZnUyIiwicm9sZV9pZCI6MSwidHlwZSI6ImtlZnUifQ.PxBGd0Iv_QEBU1ww8_GSSpq1gakPeok-gozWEeSA8VQ |"
time="2020-11-23 13:15:59" level=info msg="| 200 |   24.293727ms |             ::1 | GET | /chatIndex?kefu_id%20=%20kefu2&refer%20=%20%E8%BF%9C%E9%98%B3%E5%8D%9A%E5%AD%A6 |"
time="2020-11-23 13:17:04" level=info msg="| 200 |    4.051117ms |             ::1 | GET | /chatIndex?kefu_id%20=%20kefu2&refer%20=%20%E8%BF%9C%E9%98%B3%E5%8D%9A%E5%AD%A6 |"
time="2020-11-23 13:17:09" level=info msg="| 200 |    3.546472ms |             ::1 | POST | /2/message |"
time="2020-11-23 13:17:10" level=info msg="| 200 |    4.122767ms |             ::1 | POST | /2/message |"
time="2020-11-23 13:17:14" level=info msg="| 200 |    4.933558ms |             ::1 | GET | /chatIndex?kefu_id%20=%20kefu2&refer%20=%20%E8%BF%9C%E9%98%B3%E5%8D%9A%E5%AD%A6 |"
time="2020-11-23 13:17:42" level=info msg="| 200 |    2.619346ms |             ::1 | GET | /chatIndex?kefu_id%20=%20kefu2&refer%20=%20%E8%BF%9C%E9%98%B3%E5%8D%9A%E5%AD%A6 |"
time="2020-11-23 13:17:55" level=info msg="| 200 |    2.794669ms |             ::1 | GET | /main |"
time="2020-11-23 13:17:55" level=info msg="| 200 | 12.953679986s |             ::1 | GET | /ws_kefu?token=eyJhbGciOiJIUzI1NiIsInR5cCI6IkpXVCJ9.eyJjcmVhdGVfdGltZSI6MTYwNjEwMjI0NCwia2VmdV9pZCI6MSwibmFtZSI6ImtlZnUyIiwicm9sZV9pZCI6MSwidHlwZSI6ImtlZnUifQ.PxBGd0Iv_QEBU1ww8_GSSpq1gakPeok-gozWEeSA8VQ |"
time="2020-11-23 13:17:55" level=info msg="| 200 |     1.70183ms |             ::1 | POST | /check_auth |"
time="2020-11-23 13:17:55" level=info msg="| 200 |     4.21384ms |             ::1 | GET | /chat_main |"
time="2020-11-23 13:17:56" level=info msg="| 200 |    6.405456ms |             ::1 | GET | /visitors_kefu_online |"
time="2020-11-23 13:17:56" level=info msg="| 200 |   30.444841ms |             ::1 | GET | /kefuinfo |"
time="2020-11-23 13:17:57" level=info msg="| 200 |     9.16503ms |             ::1 | GET | /visitors?page=1 |"
time="2020-11-23 13:17:58" level=info msg="| 200 |    4.847066ms |             ::1 | GET | /visitor?visitorId=e162ac1b-4a5a-4b37-b8d0-9105d35c7c56 |"
time="2020-11-23 13:17:58" level=info msg="| 200 |   86.132804ms |             ::1 | GET | /messages?visitorId=e162ac1b-4a5a-4b37-b8d0-9105d35c7c56 |"
time="2020-11-23 13:18:01" level=info msg="| 200 |    2.401601ms |             ::1 | GET | /chatIndex?kefu_id%20=%20kefu2&refer%20=%20%E8%BF%9C%E9%98%B3%E5%8D%9A%E5%AD%A6 |"
time="2020-11-23 13:18:05" level=info msg="| 200 |    2.319194ms |             ::1 | POST | /2/message |"
time="2020-11-23 13:18:06" level=info msg="| 200 |     3.23997ms |             ::1 | POST | /2/message |"
time="2020-11-23 13:18:26" level=info msg="| 200 |    3.919838ms |             ::1 | GET | /chatIndex?kefu_id%20=%20kefu2&refer%20=%20%E8%BF%9C%E9%98%B3%E5%8D%9A%E5%AD%A6 |"
time="2020-11-23 13:18:35" level=info msg="| 200 |    10.71838ms |             ::1 | GET | /visitors?page=1 |"
time="2020-11-23 13:19:04" level=info msg="| 200 |   11.123322ms |             ::1 | GET | /setting |"
time="2020-11-23 13:19:04" level=info msg="| 200 | 1m8.16617195s |             ::1 | GET | /ws_kefu?token=eyJhbGciOiJIUzI1NiIsInR5cCI6IkpXVCJ9.eyJjcmVhdGVfdGltZSI6MTYwNjEwMjI0NCwia2VmdV9pZCI6MSwibmFtZSI6ImtlZnUyIiwicm9sZV9pZCI6MSwidHlwZSI6ImtlZnUifQ.PxBGd0Iv_QEBU1ww8_GSSpq1gakPeok-gozWEeSA8VQ |"
time="2020-11-23 13:19:04" level=info msg="| 200 |    4.662198ms |             ::1 | GET | /setting_statistics |"
time="2020-11-23 13:19:05" level=info msg="| 200 |    1.320575ms |             ::1 | GET | /statistics |"
time="2020-11-23 13:19:06" level=info msg="| 200 |    2.812518ms |             ::1 | GET | /setting_welcome |"
time="2020-11-23 13:19:06" level=info msg="| 200 |     1.68246ms |             ::1 | GET | /notices |"
time="2020-11-23 13:19:14" level=info msg="| 200 |    3.780886ms |             ::1 | GET | /chat_main |"
time="2020-11-23 13:19:14" level=info msg="| 200 |    6.391312ms |             ::1 | GET | /visitors_kefu_online |"
time="2020-11-23 13:19:14" level=info msg="| 200 |   14.254763ms |             ::1 | GET | /kefuinfo |"
time="2020-11-23 13:22:32" level=info msg="| 200 |    3.115797ms |             ::1 | GET | /visitors?page=1 |"
time="2020-11-23 13:22:33" level=info msg="| 200 |    1.615722ms |             ::1 | GET | /visitor?visitorId=e162ac1b-4a5a-4b37-b8d0-9105d35c7c56 |"
time="2020-11-23 13:22:33" level=info msg="| 200 |   76.044005ms |             ::1 | GET | /messages?visitorId=e162ac1b-4a5a-4b37-b8d0-9105d35c7c56 |"
time="2020-11-23 13:22:37" level=info msg="| 200 |    9.016753ms |             ::1 | GET | /login |"
time="2020-11-23 13:22:37" level=info msg="| 200 | 3m22.563774365s |             ::1 | GET | /ws_kefu?token=eyJhbGciOiJIUzI1NiIsInR5cCI6IkpXVCJ9.eyJjcmVhdGVfdGltZSI6MTYwNjEwMjI0NCwia2VmdV9pZCI6MSwibmFtZSI6ImtlZnUyIiwicm9sZV9pZCI6MSwidHlwZSI6ImtlZnUifQ.PxBGd0Iv_QEBU1ww8_GSSpq1gakPeok-gozWEeSA8VQ |"
time="2020-11-23 13:22:37" level=info msg="| 200 |    3.113109ms |             ::1 | GET | /login |"
time="2020-11-23 13:22:39" level=info msg="| 200 |    3.425038ms |             ::1 | POST | /check |"
time="2020-11-23 13:22:39" level=info msg="| 200 |    6.105853ms |             ::1 | GET | /main |"
time="2020-11-23 13:22:39" level=info msg="| 200 |      892.34µs |             ::1 | POST | /check_auth |"
time="2020-11-23 13:22:39" level=info msg="| 200 |    3.795261ms |             ::1 | GET | /chat_main |"
time="2020-11-23 13:22:39" level=info msg="| 200 |    6.548443ms |             ::1 | GET | /visitors_kefu_online |"
time="2020-11-23 13:22:39" level=info msg="| 200 |   25.249453ms |             ::1 | GET | /kefuinfo |"
time="2020-11-23 13:22:46" level=info msg="| 200 |    3.448083ms |             ::1 | GET | /chatIndex?kefu_id%20=%20kefu2&refer%20=%20%E8%BF%9C%E9%98%B3%E5%8D%9A%E5%AD%A6 |"
time="2020-11-23 13:23:07" level=info msg="| 200 |   20.308853ms |             ::1 | GET | /chatIndex?kefu_id%20=%20kefu2&refer%20=%20%E8%BF%9C%E9%98%B3%E5%8D%9A%E5%AD%A6 |"
time="2020-11-23 13:40:18" level=info msg="| 200 |   15.283849ms |             ::1 | GET | /chatIndex?kefu_id%20=%20kefu2&refer%20=%20%E8%BF%9C%E9%98%B3%E5%8D%9A%E5%AD%A6 |"
time="2020-11-23 13:40:18" level=info msg="| 200 |   86.229005ms |             ::1 | GET | /notice?kefu_id=kefu2 |"
time="2020-11-23 13:40:19" level=info msg="| 200 |  374.493013ms |             ::1 | POST | /visitor_login |"
time="2020-11-23 13:40:19" level=info msg="| 404 |         163ns |             ::1 | GET | /favicon.ico |"
time="2020-11-23 13:40:19" level=info msg="| 200 |  356.020879ms |             ::1 | GET | /messages?visitorId=e162ac1b-4a5a-4b37-b8d0-9105d35c7c56 |"
time="2020-11-23 13:40:43" level=info msg="| 200 | 24.496799197s |             ::1 | GET | /ws_visitor?visitor_id=e162ac1b-4a5a-4b37-b8d0-9105d35c7c56 |"
time="2020-11-23 13:40:47" level=info msg="| 200 |    6.615346ms |             ::1 | GET | /chatIndex?kefu_id%20=%20kefu2&refer%20=%20%E8%BF%9C%E9%98%B3%E5%8D%9A%E5%AD%A6 |"
time="2020-11-23 13:40:47" level=info msg="| 200 |    6.844555ms |             ::1 | GET | /notice?kefu_id=kefu2 |"
time="2020-11-23 13:40:47" level=info msg="| 200 |   36.059565ms |             ::1 | POST | /visitor_login |"
time="2020-11-23 13:40:47" level=info msg="| 404 |         125ns |             ::1 | GET | /favicon.ico |"
time="2020-11-23 13:40:48" level=info msg="| 200 |  459.687247ms |             ::1 | GET | /messages?visitorId=e162ac1b-4a5a-4b37-b8d0-9105d35c7c56 |"
time="2020-11-23 13:40:56" level=info msg="| 200 |   8.71172389s |             ::1 | GET | /ws_visitor?visitor_id=e162ac1b-4a5a-4b37-b8d0-9105d35c7c56 |"
time="2020-11-23 13:44:38" level=info msg="| 200 | 21m55.976056735s |             ::1 | GET | /ws_kefu?token=eyJhbGciOiJIUzI1NiIsInR5cCI6IkpXVCJ9.eyJjcmVhdGVfdGltZSI6MTYwNjEwODk1OSwia2VmdV9pZCI6MSwibmFtZSI6ImtlZnUyIiwicm9sZV9pZCI6MSwidHlwZSI6ImtlZnUifQ.5PTs_LZWBkkC2-v5mKwpr02vB8op-Mii-EVbDtSyf7Y |"
time="2020-11-23 14:09:05" level=info msg="| 200 | 2m10.301062857s |             ::1 | GET | /ws_kefu?token=eyJhbGciOiJIUzI1NiIsInR5cCI6IkpXVCJ9.eyJjcmVhdGVfdGltZSI6MTYwNjEwODk1OSwia2VmdV9pZCI6MSwibmFtZSI6ImtlZnUyIiwicm9sZV9pZCI6MSwidHlwZSI6ImtlZnUifQ.5PTs_LZWBkkC2-v5mKwpr02vB8op-Mii-EVbDtSyf7Y |"
time="2020-11-23 14:39:32" level=info msg="| 200 | 29m56.643890441s |             ::1 | GET | /ws_kefu?token=eyJhbGciOiJIUzI1NiIsInR5cCI6IkpXVCJ9.eyJjcmVhdGVfdGltZSI6MTYwNjEwODk1OSwia2VmdV9pZCI6MSwibmFtZSI6ImtlZnUyIiwicm9sZV9pZCI6MSwidHlwZSI6ImtlZnUifQ.5PTs_LZWBkkC2-v5mKwpr02vB8op-Mii-EVbDtSyf7Y |"
time="2020-11-23 17:26:59" level=info msg="| 200 | 9m39.934660619s |             ::1 | GET | /ws_kefu?token=eyJhbGciOiJIUzI1NiIsInR5cCI6IkpXVCJ9.eyJjcmVhdGVfdGltZSI6MTYwNjEwODk1OSwia2VmdV9pZCI6MSwibmFtZSI6ImtlZnUyIiwicm9sZV9pZCI6MSwidHlwZSI6ImtlZnUifQ.5PTs_LZWBkkC2-v5mKwpr02vB8op-Mii-EVbDtSyf7Y |"
